<?xml version="1.0" encoding="UTF-8"?>
<!-- Generated by org.testng.reporters.JUnitXMLReporter -->
<testsuite ignored="15" hostname="STC-LAP-005" failures="0" tests="5" name="M14a-Positive" time="1.748" errors="0" timestamp="2026-05-15T13:34:13 IST">
  <testcase classname="com.mes.m14a.tests.api.LoginTests" name="loginValid" time="1.557"/>
  <testcase classname="com.mes.m14a.tests.api.BindTests" name="bindValid" time="0.078"/>
  <testcase classname="com.mes.m14a.tests.api.UnitProcessCheckTests" name="unitProcessCheckValid" time="0.016"/>
  <testcase classname="com.mes.m14a.tests.api.UnitProcessCommitTests" name="commitFailRecord" time="0.018"/>
  <testcase classname="com.mes.m14a.tests.api.UnitProcessCommitTests" name="commitValidPass" time="0.03"/>
  <testcase classname="com.mes.m14a.tests.api.LoginTests" name="loginUnknownUser" time="0.0">
    <ignored/>
  </testcase> <!-- loginUnknownUser -->
  <testcase classname="com.mes.m14a.tests.api.BindTests" name="bindMissingServerVersion" time="0.0">
    <ignored/>
  </testcase> <!-- bindMissingServerVersion -->
  <testcase classname="com.mes.m14a.tests.api.UnitProcessCommitTests" name="commitUnknownToken" time="0.0">
    <ignored/>
  </testcase> <!-- commitUnknownToken -->
  <testcase classname="com.mes.m14a.tests.api.LoginTests" name="loginWrongPassword" time="0.0">
    <ignored/>
  </testcase> <!-- loginWrongPassword -->
  <testcase classname="com.mes.m14a.tests.api.UnitProcessCheckTests" name="unitProcessCheckEmptySn" time="0.0">
    <ignored/>
  </testcase> <!-- unitProcessCheckEmptySn -->
  <testcase classname="com.mes.m14a.tests.api.LoginTests" name="loginNoStationPermission" time="0.0">
    <ignored/>
  </testcase> <!-- loginNoStationPermission -->
  <testcase classname="com.mes.m14a.tests.api.BindTests" name="bindMalformedToken" time="0.0">
    <ignored/>
  </testcase> <!-- bindMalformedToken -->
  <testcase classname="com.mes.m14a.tests.api.BindTests" name="bindUnknownStation" time="0.0">
    <ignored/>
  </testcase> <!-- bindUnknownStation -->
  <testcase classname="com.mes.m14a.tests.api.LoginTests" name="loginEmptyPassword" time="0.0">
    <ignored/>
  </testcase> <!-- loginEmptyPassword -->
  <testcase classname="com.mes.m14a.tests.api.UnitProcessCommitTests" name="commitNoAuth" time="0.0">
    <ignored/>
  </testcase> <!-- commitNoAuth -->
  <testcase classname="com.mes.m14a.tests.api.UnitProcessCommitTests" name="commitInvalidSn" time="0.0">
    <ignored/>
  </testcase> <!-- commitInvalidSn -->
  <testcase classname="com.mes.m14a.tests.api.UnitProcessCheckTests" name="unitProcessCheckInvalidSn" time="0.0">
    <ignored/>
  </testcase> <!-- unitProcessCheckInvalidSn -->
  <testcase classname="com.mes.m14a.tests.api.UnitProcessCheckTests" name="unitProcessCheckMalformedSn" time="0.0">
    <ignored/>
  </testcase> <!-- unitProcessCheckMalformedSn -->
  <testcase classname="com.mes.m14a.tests.api.UnitProcessCheckTests" name="unitProcessCheckNoAuth" time="0.0">
    <ignored/>
  </testcase> <!-- unitProcessCheckNoAuth -->
  <testcase classname="com.mes.m14a.tests.api.BindTests" name="bindEmptyToken" time="0.0">
    <ignored/>
  </testcase> <!-- bindEmptyToken -->
</testsuite> <!-- M14a-Positive -->
