<?xml version="1.0" encoding="UTF-8"?>
<!-- Generated by org.testng.reporters.JUnitXMLReporter -->
<testsuite ignored="5" hostname="STC-LAP-005" failures="0" tests="15" name="M14a-Negative" time="0.357" errors="0" timestamp="2026-05-26T11:04:50 IST">
  <testcase classname="com.mes.m14a.tests.api.LoginTests" name="loginEmptyPassword" time="0.021"/>
  <testcase classname="com.mes.m14a.tests.api.LoginTests" name="loginNoStationPermission" time="0.025"/>
  <testcase classname="com.mes.m14a.tests.api.LoginTests" name="loginUnknownUser" time="0.02"/>
  <testcase classname="com.mes.m14a.tests.api.LoginTests" name="loginWrongPassword" time="0.02"/>
  <testcase classname="com.mes.m14a.tests.api.BindTests" name="bindEmptyToken" time="0.021"/>
  <testcase classname="com.mes.m14a.tests.api.BindTests" name="bindMalformedToken" time="0.017"/>
  <testcase classname="com.mes.m14a.tests.api.BindTests" name="bindMissingServerVersion" time="0.021"/>
  <testcase classname="com.mes.m14a.tests.api.BindTests" name="bindUnknownStation" time="0.027"/>
  <testcase classname="com.mes.m14a.tests.api.UnitProcessCheckTests" name="unitProcessCheckEmptySn" time="0.026"/>
  <testcase classname="com.mes.m14a.tests.api.UnitProcessCheckTests" name="unitProcessCheckInvalidSn" time="0.023"/>
  <testcase classname="com.mes.m14a.tests.api.UnitProcessCheckTests" name="unitProcessCheckMalformedSn" time="0.017"/>
  <testcase classname="com.mes.m14a.tests.api.UnitProcessCheckTests" name="unitProcessCheckNoAuth" time="0.02"/>
  <testcase classname="com.mes.m14a.tests.api.UnitProcessCommitTests" name="commitInvalidSn" time="0.018"/>
  <testcase classname="com.mes.m14a.tests.api.UnitProcessCommitTests" name="commitNoAuth" time="0.017"/>
  <testcase classname="com.mes.m14a.tests.api.UnitProcessCommitTests" name="commitUnknownToken" time="0.025"/>
  <testcase classname="com.mes.m14a.tests.api.UnitProcessCommitTests" name="commitValidPass" time="0.0">
    <ignored/>
  </testcase> <!-- commitValidPass -->
  <testcase classname="com.mes.m14a.tests.api.LoginTests" name="loginValid" time="0.0">
    <ignored/>
  </testcase> <!-- loginValid -->
  <testcase classname="com.mes.m14a.tests.api.BindTests" name="bindValid" time="0.0">
    <ignored/>
  </testcase> <!-- bindValid -->
  <testcase classname="com.mes.m14a.tests.api.UnitProcessCheckTests" name="unitProcessCheckValid" time="0.0">
    <ignored/>
  </testcase> <!-- unitProcessCheckValid -->
  <testcase classname="com.mes.m14a.tests.api.UnitProcessCommitTests" name="commitFailRecord" time="0.0">
    <ignored/>
  </testcase> <!-- commitFailRecord -->
</testsuite> <!-- M14a-Negative -->
