<?xml version="1.0" encoding="UTF-8"?>
<!-- Generated by org.testng.reporters.JUnitReportReporter -->
<testsuite hostname="STC-LAP-005" failures="0" tests="5" name="com.mes.m14a.tests.api.UnitProcessCheckTests" time="0.096" errors="0" timestamp="2026-05-13T10:28:56 IST" skipped="0">
  <testcase classname="com.mes.m14a.tests.api.UnitProcessCheckTests" name="unitProcessCheckValid" time="0.018"/>
  <testcase classname="com.mes.m14a.tests.api.UnitProcessCheckTests" name="unitProcessCheckMalformedSn" time="0.017"/>
  <testcase classname="com.mes.m14a.tests.api.UnitProcessCheckTests" name="unitProcessCheckEmptySn" time="0.019"/>
  <testcase classname="com.mes.m14a.tests.api.UnitProcessCheckTests" name="unitProcessCheckNoAuth" time="0.024"/>
  <testcase classname="com.mes.m14a.tests.api.UnitProcessCheckTests" name="unitProcessCheckInvalidSn" time="0.018"/>
</testsuite> <!-- com.mes.m14a.tests.api.UnitProcessCheckTests -->
