<?xml version="1.0" encoding="UTF-8"?>
<!-- Generated by org.testng.reporters.JUnitReportReporter -->
<testsuite hostname="STC-LAP-005" failures="0" tests="5" name="com.mes.m14a.tests.api.LoginTests" time="1.991" errors="0" timestamp="2026-05-26T11:21:19 IST" skipped="0">
  <testcase classname="com.mes.m14a.tests.api.LoginTests" name="loginNoStationPermission" time="0.020"/>
  <testcase classname="com.mes.m14a.tests.api.LoginTests" name="loginUnknownUser" time="0.018"/>
  <testcase classname="com.mes.m14a.tests.api.LoginTests" name="loginWrongPassword" time="0.019"/>
  <testcase classname="com.mes.m14a.tests.api.LoginTests" name="loginEmptyPassword" time="0.022"/>
  <testcase classname="com.mes.m14a.tests.api.LoginTests" name="loginValid" time="1.912"/>
</testsuite> <!-- com.mes.m14a.tests.api.LoginTests -->
