<?xml version="1.0" encoding="UTF-8"?>
<!-- Generated by org.testng.reporters.JUnitReportReporter -->
<testsuite hostname="STC-LAP-005" failures="0" tests="5" name="com.mes.m14a.tests.api.UnitProcessCommitTests" time="0.104" errors="0" timestamp="2026-05-15T13:34:15 IST" skipped="0">
  <testcase classname="com.mes.m14a.tests.api.UnitProcessCommitTests" name="commitValidPass" time="0.030"/>
  <testcase classname="com.mes.m14a.tests.api.UnitProcessCommitTests" name="commitInvalidSn" time="0.015"/>
  <testcase classname="com.mes.m14a.tests.api.UnitProcessCommitTests" name="commitUnknownToken" time="0.025"/>
  <testcase classname="com.mes.m14a.tests.api.UnitProcessCommitTests" name="commitNoAuth" time="0.016"/>
  <testcase classname="com.mes.m14a.tests.api.UnitProcessCommitTests" name="commitFailRecord" time="0.018"/>
</testsuite> <!-- com.mes.m14a.tests.api.UnitProcessCommitTests -->
