<?xml version="1.0" encoding="UTF-8"?>
<!-- Generated by org.testng.reporters.JUnitReportReporter -->
<testsuite hostname="STC-LAP-005" failures="0" tests="5" name="com.mes.m14a.tests.api.UnitProcessCheckTests" time="0.109" errors="0" timestamp="2026-05-26T11:04:52 IST" skipped="0">
  <testcase classname="com.mes.m14a.tests.api.UnitProcessCheckTests" name="unitProcessCheckNoAuth" time="0.020"/>
  <testcase classname="com.mes.m14a.tests.api.UnitProcessCheckTests" name="unitProcessCheckInvalidSn" time="0.023"/>
  <testcase classname="com.mes.m14a.tests.api.UnitProcessCheckTests" name="unitProcessCheckValid" time="0.023"/>
  <testcase classname="com.mes.m14a.tests.api.UnitProcessCheckTests" name="unitProcessCheckMalformedSn" time="0.017"/>
  <testcase classname="com.mes.m14a.tests.api.UnitProcessCheckTests" name="unitProcessCheckEmptySn" time="0.026"/>
</testsuite> <!-- com.mes.m14a.tests.api.UnitProcessCheckTests -->
