<?xml version="1.0" encoding="UTF-8"?>
<!-- Generated by org.testng.reporters.JUnitReportReporter -->
<testsuite hostname="STC-LAP-005" failures="0" tests="5" name="com.mes.m14a.tests.api.UnitProcessCommitTests" time="0.130" errors="0" timestamp="2026-05-26T11:04:52 IST" skipped="0">
  <testcase classname="com.mes.m14a.tests.api.UnitProcessCommitTests" name="commitInvalidSn" time="0.018"/>
  <testcase classname="com.mes.m14a.tests.api.UnitProcessCommitTests" name="commitUnknownToken" time="0.025"/>
  <testcase classname="com.mes.m14a.tests.api.UnitProcessCommitTests" name="commitFailRecord" time="0.023"/>
  <testcase classname="com.mes.m14a.tests.api.UnitProcessCommitTests" name="commitNoAuth" time="0.017"/>
  <testcase classname="com.mes.m14a.tests.api.UnitProcessCommitTests" name="commitValidPass" time="0.047"/>
</testsuite> <!-- com.mes.m14a.tests.api.UnitProcessCommitTests -->
