<?xml version="1.0" encoding="UTF-8"?>
<!-- Generated by org.testng.reporters.JUnitReportReporter -->
<testsuite hostname="STC-LAP-005" failures="0" tests="5" name="com.mes.m14a.tests.api.BindTests" time="0.181" errors="0" timestamp="2026-05-26T11:04:52 IST" skipped="0">
  <testcase classname="com.mes.m14a.tests.api.BindTests" name="bindUnknownStation" time="0.027"/>
  <testcase classname="com.mes.m14a.tests.api.BindTests" name="bindEmptyToken" time="0.021"/>
  <testcase classname="com.mes.m14a.tests.api.BindTests" name="bindValid" time="0.095"/>
  <testcase classname="com.mes.m14a.tests.api.BindTests" name="bindMalformedToken" time="0.017"/>
  <testcase classname="com.mes.m14a.tests.api.BindTests" name="bindMissingServerVersion" time="0.021"/>
</testsuite> <!-- com.mes.m14a.tests.api.BindTests -->
