<?xml version="1.0" encoding="UTF-8"?>
<!-- Generated by org.testng.reporters.JUnitReportReporter -->
<testsuite hostname="STC-LAP-005" failures="0" tests="5" name="com.mes.m14a.tests.api.BindTests" time="0.147" errors="0" timestamp="2026-05-15T13:34:15 IST" skipped="0">
  <testcase classname="com.mes.m14a.tests.api.BindTests" name="bindMalformedToken" time="0.015"/>
  <testcase classname="com.mes.m14a.tests.api.BindTests" name="bindValid" time="0.078"/>
  <testcase classname="com.mes.m14a.tests.api.BindTests" name="bindMissingServerVersion" time="0.015"/>
  <testcase classname="com.mes.m14a.tests.api.BindTests" name="bindEmptyToken" time="0.016"/>
  <testcase classname="com.mes.m14a.tests.api.BindTests" name="bindUnknownStation" time="0.023"/>
</testsuite> <!-- com.mes.m14a.tests.api.BindTests -->
